[debug] [2022-01-19T12:54:58.267Z] ----------------------------------------------------------------------
[debug] [2022-01-19T12:54:58.269Z] Command:       C:\Program Files (x86)\Nodist\v-x64\12.19.0\node.exe C:\Program Files (x86)\Nodist\bin\node_modules\firebase-tools\lib\bin\firebase.js init
[debug] [2022-01-19T12:54:58.270Z] CLI Version:   10.1.1
[debug] [2022-01-19T12:54:58.270Z] Platform:      win32
[debug] [2022-01-19T12:54:58.270Z] Node Version:  v12.19.0
[debug] [2022-01-19T12:54:58.272Z] Time:          Wed Jan 19 2022 17:54:58 GMT+0500 (Pakistan Standard Time)
[debug] [2022-01-19T12:54:58.272Z] ----------------------------------------------------------------------
[debug] 
[debug] [2022-01-19T12:54:58.282Z] > command requires scopes: ["email","openid","https://www.googleapis.com/auth/cloudplatformprojects.readonly","https://www.googleapis.com/auth/firebase","https://www.googleapis.com/auth/cloud-platform"]
[debug] [2022-01-19T12:54:58.282Z] > authorizing via signed-in user (afnananwer2@gmail.com)
[info] 
     ######## #### ########  ######## ########     ###     ######  ########
     ##        ##  ##     ## ##       ##     ##  ##   ##  ##       ##
     ######    ##  ########  ######   ########  #########  ######  ######
     ##        ##  ##    ##  ##       ##     ## ##     ##       ## ##
     ##       #### ##     ## ######## ########  ##     ##  ######  ########

You're about to initialize a Firebase project in this directory:

  D:\Workspace\react\whatsapp\whatsapp-clone-react

[info] 
=== Project Setup
[info] 
[info] First, let's associate this project directory with a Firebase project.
[info] You can create multiple project aliases by running firebase use --add, 
[info] but for now we'll just set up a default project.
[info] 
[debug] [2022-01-19T12:56:21.487Z] >>> [apiv2][query] GET https://firebase.googleapis.com/v1beta1/projects pageSize=100
[debug] [2022-01-19T12:56:22.439Z] <<< [apiv2][status] GET https://firebase.googleapis.com/v1beta1/projects 200
[debug] [2022-01-19T12:56:22.440Z] <<< [apiv2][body] GET https://firebase.googleapis.com/v1beta1/projects [omitted]
[info] i  Using project whatsapp-b5219 (whatsapp) 
[info] 
=== Hosting Setup
[info] 
[info] Your public directory is the folder (relative to your project directory) that
[info] will contain Hosting assets to be uploaded with firebase deploy. If you
[info] have a build process for your assets, use your build's output directory.
[info] 
[debug] [2022-01-19T12:57:29.489Z] >>> [apiv2][query] GET https://www.gstatic.com/firebasejs/releases.json [none]
[debug] [2022-01-19T12:57:29.754Z] <<< [apiv2][status] GET https://www.gstatic.com/firebasejs/releases.json 200
[debug] [2022-01-19T12:57:29.755Z] <<< [apiv2][body] GET https://www.gstatic.com/firebasejs/releases.json {"current":{"version":"9.6.3","browserURL":"https://www.gstatic.com/firebasejs/9.6.3/firebase.js","packageURL":"https://www.gstatic.com/firebasejs/9.6.3/firebase.tgz"},"live":{"version":"9.6","browserURL":"https://www.gstatic.com/firebasejs/live/9.6/firebase.js","packageURL":"https://www.gstatic.com/firebasejs/live/9.6/firebase.tgz"},"components":{"analytics":"https://www.gstatic.com/firebasejs/9.6.3/firebase-analytics.js","app":"https://www.gstatic.com/firebasejs/9.6.3/firebase-app.js","app-check":"https://www.gstatic.com/firebasejs/9.6.3/firebase-app-check.js","auth":"https://www.gstatic.com/firebasejs/9.6.3/firebase-auth.js","auth/cordova":"https://www.gstatic.com/firebasejs/9.6.3/firebase-auth/cordova.js","auth/react-native":"https://www.gstatic.com/firebasejs/9.6.3/firebase-auth/react-native.js","functions":"https://www.gstatic.com/firebasejs/9.6.3/firebase-functions.js","firestore":"https://www.gstatic.com/firebasejs/9.6.3/firebase-firestore.js","firestore/lite":"https://www.gstatic.com/firebasejs/9.6.3/firebase-firestore/lite.js","storage":"https://www.gstatic.com/firebasejs/9.6.3/firebase-storage.js","performance":"https://www.gstatic.com/firebasejs/9.6.3/firebase-performance.js","remote-config":"https://www.gstatic.com/firebasejs/9.6.3/firebase-remote-config.js","messaging":"https://www.gstatic.com/firebasejs/9.6.3/firebase-messaging.js","messaging/sw":"https://www.gstatic.com/firebasejs/9.6.3/firebase-messaging/sw.js","database":"https://www.gstatic.com/firebasejs/9.6.3/firebase-database.js","firestore.memory":"https://www.gstatic.com/firebasejs/9.6.3/firebase-firestore.memory.js"}}
[info] +  Wrote build/index.html 
[info] 
[info] i  Detected a .git folder at D:\Workspace\react\whatsapp\whatsapp-clone-react 
[info] i  Authorizing with GitHub to upload your service account to a GitHub repository's secrets store. 
[info] 
[info] Visit this URL on this device to log in:
[info] https://github.com/login/oauth/authorize?client_id=89cf50f02ac6aaed3484&state=778994364&redirect_uri=http%3A%2F%2Flocalhost%3A9005&scope=read%3Auser%20repo%20public_repo
[info] 
[info] Waiting for authentication...
[debug] [2022-01-19T12:57:53.422Z] >>> HTTP REQUEST POST https://github.com/login/oauth/access_token  
 {"client_id":"89cf50f02ac6aaed3484","client_secret":"3330d14abc895d9a74d5f17cd7a00711fa2c5bf0","code":"23abb78b61be92a1337c","redirect_uri":"http://localhost:9005","state":"778994364"}
[debug] [2022-01-19T12:57:53.900Z] <<< HTTP RESPONSE 200 {"server":"GitHub.com","date":"Wed, 19 Jan 2022 12:57:54 GMT","content-type":"application/json; charset=utf-8","transfer-encoding":"chunked","vary":"X-PJAX, X-PJAX-Container, Accept-Encoding, Accept, X-Requested-With","permissions-policy":"interest-cohort=()","etag":"W/\"f068ab39b9faaabf8e4fecedfb549aa9\"","cache-control":"max-age=0, private, must-revalidate","strict-transport-security":"max-age=31536000; includeSubdomains; preload","x-frame-options":"deny","x-content-type-options":"nosniff","x-xss-protection":"0","referrer-policy":"origin-when-cross-origin, strict-origin-when-cross-origin","expect-ct":"max-age=2592000, report-uri=\"https://api.github.com/_private/browser/errors\"","content-security-policy":"default-src 'none'; base-uri 'self'; block-all-mixed-content; child-src github.com/assets-cdn/worker/ gist.github.com/assets-cdn/worker/; connect-src 'self' uploads.github.com objects-origin.githubusercontent.com www.githubstatus.com collector.githubapp.com api.github.com github-cloud.s3.amazonaws.com github-production-repository-file-5c1aeb.s3.amazonaws.com github-production-upload-manifest-file-7fdce7.s3.amazonaws.com github-production-user-asset-6210df.s3.amazonaws.com cdn.optimizely.com logx.optimizely.com/v1/events translator.github.com wss://alive.github.com; font-src github.githubassets.com; form-action 'self' github.com gist.github.com objects-origin.githubusercontent.com; frame-ancestors 'none'; frame-src render.githubusercontent.com viewscreen.githubusercontent.com notebooks.githubusercontent.com; img-src 'self' data: github.githubassets.com identicons.github.com collector.githubapp.com github-cloud.s3.amazonaws.com secured-user-images.githubusercontent.com/ *.githubusercontent.com; manifest-src 'self'; media-src github.com user-images.githubusercontent.com/; script-src github.githubassets.com; style-src 'unsafe-inline' github.githubassets.com; worker-src github.com/assets-cdn/worker/ gist.github.com/assets-cdn/worker/","x-github-request-id":"C0B9:307D:98E543:AB52E0:61E80AD1"}
[debug] [2022-01-19T12:57:53.914Z] >>> [apiv2][query] GET https://api.github.com/user [none]
[debug] [2022-01-19T12:57:54.816Z] <<< [apiv2][status] GET https://api.github.com/user 200
[debug] [2022-01-19T12:57:54.817Z] <<< [apiv2][body] GET https://api.github.com/user {"login":"Afnan1278","id":42905539,"node_id":"MDQ6VXNlcjQyOTA1NTM5","avatar_url":"https://avatars.githubusercontent.com/u/42905539?v=4","gravatar_id":"","url":"https://api.github.com/users/Afnan1278","html_url":"https://github.com/Afnan1278","followers_url":"https://api.github.com/users/Afnan1278/followers","following_url":"https://api.github.com/users/Afnan1278/following{/other_user}","gists_url":"https://api.github.com/users/Afnan1278/gists{/gist_id}","starred_url":"https://api.github.com/users/Afnan1278/starred{/owner}{/repo}","subscriptions_url":"https://api.github.com/users/Afnan1278/subscriptions","organizations_url":"https://api.github.com/users/Afnan1278/orgs","repos_url":"https://api.github.com/users/Afnan1278/repos","events_url":"https://api.github.com/users/Afnan1278/events{/privacy}","received_events_url":"https://api.github.com/users/Afnan1278/received_events","type":"User","site_admin":false,"name":"Muhammad Afnan","company":null,"blog":"","location":"Karachi, Pakistan","email":null,"hireable":null,"bio":"Enthusiast software engineer, experienced in python and c++. Intermediate-level expert in Django and I did my FYP on Natural language processing.","twitter_username":null,"public_repos":10,"public_gists":0,"followers":0,"following":0,"created_at":"2018-09-02T06:54:08Z","updated_at":"2021-12-15T06:37:40Z","private_gists":0,"total_private_repos":0,"owned_private_repos":0,"disk_usage":12146,"collaborators":0,"two_factor_authentication":false,"plan":{"name":"free","space":976562499,"collaborators":0,"private_repos":10000}}
[info] 
[info] +  Success! Logged into GitHub as Afnan1278 
[info] 
